<?xml version="1.0" encoding="UTF-8"?>
<coverage generated="1740105025844" clover="3.2.0">
  <project timestamp="1740105025844" name="All files">
    <metrics statements="10" coveredstatements="1" conditionals="6" coveredconditionals="0" methods="3" coveredmethods="0" elements="19" coveredelements="1" complexity="0" loc="10" ncloc="10" packages="1" files="1" classes="1"/>
    <file name="AstronomyPicture.tsx" path="/home/kaustubh/Documents/projects/insights-assignment/client/src/components/AstronomyPicture.tsx">
      <metrics statements="10" coveredstatements="1" conditionals="6" coveredconditionals="0" methods="3" coveredmethods="0"/>
      <line num="9" count="1" type="stmt"/>
      <line num="10" count="0" type="stmt"/>
      <line num="13" count="0" type="stmt"/>
      <line num="14" count="0" type="stmt"/>
      <line num="17" count="0" type="stmt"/>
      <line num="19" count="0" type="stmt"/>
      <line num="20" count="0" type="stmt"/>
      <line num="23" count="0" type="cond" truecount="0" falsecount="2"/>
      <line num="24" count="0" type="cond" truecount="0" falsecount="2"/>
      <line num="26" count="0" type="cond" truecount="0" falsecount="2"/>
    </file>
  </project>
</coverage>
