{"/home/kaustubh/Documents/projects/insights-assignment/client/src/components/AstronomyPicture.tsx": {"path":"/home/kaustubh/Documents/projects/insights-assignment/client/src/components/AstronomyPicture.tsx","statementMap":{"0":{"start":{"line":9,"column":35},"end":{"line":42,"column":1}},"1":{"start":{"line":10,"column":34},"end":{"line":10,"column":47}},"2":{"start":{"line":13,"column":49},"end":{"line":15,"column":5}},"3":{"start":{"line":14,"column":30},"end":{"line":14,"column":40}},"4":{"start":{"line":17,"column":4},"end":{"line":21,"column":19}},"5":{"start":{"line":19,"column":8},"end":{"line":19,"column":30}},"6":{"start":{"line":20,"column":8},"end":{"line":20,"column":36}},"7":{"start":{"line":23,"column":4},"end":{"line":23,"column":42}},"8":{"start":{"line":23,"column":17},"end":{"line":23,"column":42}},"9":{"start":{"line":24,"column":4},"end":{"line":24,"column":44}},"10":{"start":{"line":24,"column":15},"end":{"line":24,"column":44}},"11":{"start":{"line":26,"column":4},"end":{"line":41,"column":13}}},"fnMap":{"0":{"name":"(anonymous_0)","decl":{"start":{"line":9,"column":35},"end":{"line":9,"column":36}},"loc":{"start":{"line":9,"column":41},"end":{"line":42,"column":1}},"line":9},"1":{"name":"(anonymous_1)","decl":{"start":{"line":14,"column":8},"end":{"line":14,"column":9}},"loc":{"start":{"line":14,"column":30},"end":{"line":14,"column":40}},"line":14},"2":{"name":"(anonymous_2)","decl":{"start":{"line":17,"column":14},"end":{"line":17,"column":15}},"loc":{"start":{"line":17,"column":20},"end":{"line":21,"column":5}},"line":17}},"branchMap":{"0":{"loc":{"start":{"line":23,"column":4},"end":{"line":23,"column":42}},"type":"if","locations":[{"start":{"line":23,"column":4},"end":{"line":23,"column":42}},{"start":{},"end":{}}],"line":23},"1":{"loc":{"start":{"line":24,"column":4},"end":{"line":24,"column":44}},"type":"if","locations":[{"start":{"line":24,"column":4},"end":{"line":24,"column":44}},{"start":{},"end":{}}],"line":24},"2":{"loc":{"start":{"line":26,"column":11},"end":{"line":41,"column":12}},"type":"cond-expr","locations":[{"start":{"line":27,"column":8},"end":{"line":40,"column":14}},{"start":{"line":41,"column":8},"end":{"line":41,"column":12}}],"line":26}},"s":{"0":1,"1":0,"2":0,"3":0,"4":0,"5":0,"6":0,"7":0,"8":0,"9":0,"10":0,"11":0},"f":{"0":0,"1":0,"2":0},"b":{"0":[0,0],"1":[0,0],"2":[0,0]},"_coverageSchema":"1a1c01bbd47fc00a2c39e90264f33305004495a9","hash":"81f365d82cd356f6a3eb3f8880e056e1c102b325"}
}
